Using pre-set license
Built from '2021.3/staging' branch; Version is '2021.3.19f1 (c9714fde33b6) revision 13201743'; Using compiler version '192829333'; Build Type 'Release'
OS: 'Windows 10  (10.0.19044) 64bit Core' Language: 'en' Physical Memory: 16333 MB
BatchMode: 1, IsHumanControllingUs: 0, StartBugReporterOnCrash: 0, Is64bit: 1, IsPro: 1

COMMAND LINE ARGUMENTS:
C:\Program Files\Unity\Hub\Editor\2021.3.19f1\Editor\Unity.exe
-adb2
-batchMode
-noUpm
-name
AssetImportWorker2
-projectPath
D:/games i made/PIXILART-PLATFORMER/PLATFORMER1
-logFile
Logs/AssetImportWorker2.log
-srvPort
51809
Successfully changed project path to: D:/games i made/PIXILART-PLATFORMER/PLATFORMER1
D:/games i made/PIXILART-PLATFORMER/PLATFORMER1
[UnityMemory] Configuration Parameters - Can be set up in boot.config
    "memorysetup-bucket-allocator-granularity=16"
    "memorysetup-bucket-allocator-bucket-count=8"
    "memorysetup-bucket-allocator-block-size=33554432"
    "memorysetup-bucket-allocator-block-count=8"
    "memorysetup-main-allocator-block-size=16777216"
    "memorysetup-thread-allocator-block-size=16777216"
    "memorysetup-gfx-main-allocator-block-size=16777216"
    "memorysetup-gfx-thread-allocator-block-size=16777216"
    "memorysetup-cache-allocator-block-size=4194304"
    "memorysetup-typetree-allocator-block-size=2097152"
    "memorysetup-profiler-bucket-allocator-granularity=16"
    "memorysetup-profiler-bucket-allocator-bucket-count=8"
    "memorysetup-profiler-bucket-allocator-block-size=33554432"
    "memorysetup-profiler-bucket-allocator-block-count=8"
    "memorysetup-profiler-allocator-block-size=16777216"
    "memorysetup-profiler-editor-allocator-block-size=1048576"
    "memorysetup-temp-allocator-size-main=16777216"
    "memorysetup-job-temp-allocator-block-size=2097152"
    "memorysetup-job-temp-allocator-block-size-background=1048576"
    "memorysetup-job-temp-allocator-reduction-small-platforms=262144"
    "memorysetup-temp-allocator-size-background-worker=32768"
    "memorysetup-temp-allocator-size-job-worker=262144"
    "memorysetup-temp-allocator-size-preload-manager=33554432"
    "memorysetup-temp-allocator-size-nav-mesh-worker=65536"
    "memorysetup-temp-allocator-size-audio-worker=65536"
    "memorysetup-temp-allocator-size-cloud-worker=32768"
    "memorysetup-temp-allocator-size-gi-baking-worker=262144"
    "memorysetup-temp-allocator-size-gfx=262144"
Player connection [4776] Host "[IP] 192.168.56.1 [Port] 0 [Flags] 2 [Guid] 587022264 [EditorId] 587022264 [Version] 1048832 [Id] WindowsEditor(7,DESKTOP-81S8G8J) [Debug] 1 [PackageName] WindowsEditor [ProjectName] Editor" joined multi-casting on [225.0.0.222:54997]...

Player connection [4776] Host "[IP] 192.168.56.1 [Port] 0 [Flags] 2 [Guid] 587022264 [EditorId] 587022264 [Version] 1048832 [Id] WindowsEditor(7,DESKTOP-81S8G8J) [Debug] 1 [PackageName] WindowsEditor [ProjectName] Editor" joined alternative multi-casting on [225.0.0.222:34997]...

Refreshing native plugins compatible for Editor in 118.91 ms, found 4 plugins.
Preloading 0 native plugins for Editor in 0.00 ms.
Initialize engine version: 2021.3.19f1 (c9714fde33b6)
[Subsystems] Discovering subsystems at path C:/Program Files/Unity/Hub/Editor/2021.3.19f1/Editor/Data/Resources/UnitySubsystems
[Subsystems] Discovering subsystems at path D:/games i made/PIXILART-PLATFORMER/PLATFORMER1/Assets
GfxDevice: creating device client; threaded=0; jobified=0
Direct3D:
    Version:  Direct3D 11.0 [level 11.1]
    Renderer: NVIDIA GeForce RTX 2060 (ID=0x1e89)
    Vendor:   NVIDIA
    VRAM:     5958 MB
    Driver:   31.0.15.2686
Initialize mono
Mono path[0] = 'C:/Program Files/Unity/Hub/Editor/2021.3.19f1/Editor/Data/Managed'
Mono path[1] = 'C:/Program Files/Unity/Hub/Editor/2021.3.19f1/Editor/Data/MonoBleedingEdge/lib/mono/unityjit-win32'
Mono config path = 'C:/Program Files/Unity/Hub/Editor/2021.3.19f1/Editor/Data/MonoBleedingEdge/etc'
Using monoOptions --debugger-agent=transport=dt_socket,embedding=1,server=y,suspend=n,address=127.0.0.1:56084
Begin MonoManager ReloadAssembly
Registering precompiled unity dll's ...
Register platform support module: C:/Program Files/Unity/Hub/Editor/2021.3.19f1/Editor/Data/PlaybackEngines/WebGLSupport/UnityEditor.WebGL.Extensions.dll
Register platform support module: C:/Program Files/Unity/Hub/Editor/2021.3.19f1/Editor/Data/PlaybackEngines/WindowsStandaloneSupport/UnityEditor.WindowsStandalone.Extensions.dll
Registered in 0.010403 seconds.
Native extension for WindowsStandalone target not found
Native extension for WebGL target not found
Refreshing native plugins compatible for Editor in 120.70 ms, found 4 plugins.
Preloading 0 native plugins for Editor in 0.00 ms.
Mono: successfully reloaded assembly
- Completed reload, in  0.728 seconds
Domain Reload Profiling:
	ReloadAssembly (728ms)
		BeginReloadAssembly (80ms)
			ExecutionOrderSort (0ms)
			DisableScriptedObjects (0ms)
			BackupInstance (0ms)
			ReleaseScriptingObjects (0ms)
			CreateAndSetChildDomain (1ms)
		EndReloadAssembly (519ms)
			LoadAssemblies (77ms)
			RebuildTransferFunctionScriptingTraits (0ms)
			SetupTypeCache (115ms)
			ReleaseScriptCaches (0ms)
			RebuildScriptCaches (28ms)
			SetupLoadedEditorAssemblies (324ms)
				LogAssemblyErrors (0ms)
				InitializePlatformSupportModulesInManaged (11ms)
				SetLoadedEditorAssemblies (0ms)
				RefreshPlugins (121ms)
				BeforeProcessingInitializeOnLoad (1ms)
				ProcessInitializeOnLoadAttributes (145ms)
				ProcessInitializeOnLoadMethodAttributes (46ms)
				AfterProcessingInitializeOnLoad (0ms)
				EditorAssembliesLoaded (0ms)
			ExecutionOrderSort2 (0ms)
			AwakeInstancesAfterBackupRestoration (0ms)
Platform modules already initialized, skipping
Registering precompiled user dll's ...
Registered in 0.007750 seconds.
Begin MonoManager ReloadAssembly
Symbol file LoadedFromMemory doesn't match image D:\games i made\PIXILART-PLATFORMER\PLATFORMER1\Library\PackageCache\com.unity.visualscripting@1.8.0\Editor\VisualScripting.Core\Dependencies\YamlDotNet\Unity.VisualScripting.YamlDotNet.dll
Symbol file LoadedFromMemory doesn't match image D:\games i made\PIXILART-PLATFORMER\PLATFORMER1\Library\PackageCache\com.unity.visualscripting@1.8.0\Editor\VisualScripting.Core\Dependencies\DotNetZip\Unity.VisualScripting.IonicZip.dll
Native extension for WindowsStandalone target not found
Native extension for WebGL target not found
Refreshing native plugins compatible for Editor in 120.13 ms, found 4 plugins.
Preloading 0 native plugins for Editor in 0.00 ms.
Mono: successfully reloaded assembly
- Completed reload, in  1.387 seconds
Domain Reload Profiling:
	ReloadAssembly (1388ms)
		BeginReloadAssembly (112ms)
			ExecutionOrderSort (0ms)
			DisableScriptedObjects (6ms)
			BackupInstance (0ms)
			ReleaseScriptingObjects (0ms)
			CreateAndSetChildDomain (18ms)
		EndReloadAssembly (1152ms)
			LoadAssemblies (104ms)
			RebuildTransferFunctionScriptingTraits (0ms)
			SetupTypeCache (286ms)
			ReleaseScriptCaches (1ms)
			RebuildScriptCaches (76ms)
			SetupLoadedEditorAssemblies (642ms)
				LogAssemblyErrors (0ms)
				InitializePlatformSupportModulesInManaged (7ms)
				SetLoadedEditorAssemblies (0ms)
				RefreshPlugins (120ms)
				BeforeProcessingInitializeOnLoad (126ms)
				ProcessInitializeOnLoadAttributes (289ms)
				ProcessInitializeOnLoadMethodAttributes (90ms)
				AfterProcessingInitializeOnLoad (10ms)
				EditorAssembliesLoaded (0ms)
			ExecutionOrderSort2 (0ms)
			AwakeInstancesAfterBackupRestoration (5ms)
Platform modules already initialized, skipping
========================================================================
Worker process is ready to serve import requests
Launched and connected shader compiler UnityShaderCompiler.exe after 0.09 seconds
Refreshing native plugins compatible for Editor in 1.12 ms, found 4 plugins.
Preloading 0 native plugins for Editor in 0.00 ms.
Unloading 5402 Unused Serialized files (Serialized files now loaded: 0)
Unloading 59 unused Assets / (1.0 MB). Loaded Objects now: 5853.
Memory consumption went from 215.6 MB to 214.7 MB.
Total: 4.432600 ms (FindLiveObjects: 0.639800 ms CreateObjectMapping: 0.172800 ms MarkObjects: 3.197700 ms  DeleteObjects: 0.421000 ms)

AssetImportParameters requested are different than current active one (requested -> active):
  custom:video-decoder-ogg-theora: a1e56fd34408186e4bbccfd4996cb3dc -> 
  custom:container-muxer-webm: aa71ff27fc2769a1b78a27578f13a17b -> 
  custom:container-demuxer-webm: 4f35f7cbe854078d1ac9338744f61a02 -> 
  custom:video-encoder-webm-vp8: eb34c28f22e8b96e1ab97ce403110664 -> 
  custom:audio-encoder-webm-vorbis: bf7c407c2cedff20999df2af8eb42d56 -> 
  custom:framework-win-MediaFoundation: 216162199b28c13a410421893ffa2e32 -> 
  custom:container-demuxer-ogg: 62fdf1f143b41e24485cea50d1cbac27 -> 
  custom:video-decoder-webm-vp8: 9c59270c3fd7afecdb556c50c9e8de78 -> 
  custom:audio-decoder-ogg-vorbis: bf7c407c2cedff20999df2af8eb42d56 -> 
========================================================================
Received Import Request.
  Time since last request: 719629.501473 seconds.
  path: Assets/Art/Terrain/Bricks
  artifactKey: Guid(79421ed0800026c4984ba25ac9df8346) Importer(815301076,1909f56bfc062723c751e8b465ee728b)
Start importing Assets/Art/Terrain/Bricks using Guid(79421ed0800026c4984ba25ac9df8346) Importer(815301076,1909f56bfc062723c751e8b465ee728b)  -> (artifact id: '78072d95ab54247458c46201468c7cee') in 0.011024 seconds 
========================================================================
Received Import Request.
  Time since last request: 0.086227 seconds.
  path: Assets/Art/Terrain/Bricks/bricks.png
  artifactKey: Guid(5ff78b43e87f536448812ec184348878) Importer(815301076,1909f56bfc062723c751e8b465ee728b)
Start importing Assets/Art/Terrain/Bricks/bricks.png using Guid(5ff78b43e87f536448812ec184348878) Importer(815301076,1909f56bfc062723c751e8b465ee728b)  -> (artifact id: '28916bfd8b5361f67c942c9b7702f684') in 0.176676 seconds 
========================================================================
Received Import Request.
  Time since last request: 195.365676 seconds.
  path: Assets/Art/Terrain/Tiles/test.png
  artifactKey: Guid(165213f870528e84a8acfec6e1e92464) Importer(815301076,1909f56bfc062723c751e8b465ee728b)
Start importing Assets/Art/Terrain/Tiles/test.png using Guid(165213f870528e84a8acfec6e1e92464) Importer(815301076,1909f56bfc062723c751e8b465ee728b)  -> (artifact id: '434e995dd25b156ecaae737817fd12e7') in 0.012436 seconds 
========================================================================
Received Import Request.
  Time since last request: 12.067157 seconds.
  path: Assets/Art/Terrain/Tiles/test.png
  artifactKey: Guid(165213f870528e84a8acfec6e1e92464) Importer(815301076,1909f56bfc062723c751e8b465ee728b)
Start importing Assets/Art/Terrain/Tiles/test.png using Guid(165213f870528e84a8acfec6e1e92464) Importer(815301076,1909f56bfc062723c751e8b465ee728b)  -> (artifact id: '4e5aad0dc98714369dd91ecbd82305db') in 0.008044 seconds 
========================================================================
Received Import Request.
  Time since last request: 12.918605 seconds.
  path: Assets/Art/Terrain/Tiles/test.png
  artifactKey: Guid(165213f870528e84a8acfec6e1e92464) Importer(815301076,1909f56bfc062723c751e8b465ee728b)
Start importing Assets/Art/Terrain/Tiles/test.png using Guid(165213f870528e84a8acfec6e1e92464) Importer(815301076,1909f56bfc062723c751e8b465ee728b)  -> (artifact id: '6221df99cd7c4fa0b43807e9d4b7ac27') in 0.038480 seconds 
========================================================================
Received Import Request.
  Time since last request: 18.600327 seconds.
  path: Assets/Art/Terrain/Tiles/test_0.asset
  artifactKey: Guid(3cd4c0bd8afbc6043ad63fa02ed35b90) Importer(815301076,1909f56bfc062723c751e8b465ee728b)
Start importing Assets/Art/Terrain/Tiles/test_0.asset using Guid(3cd4c0bd8afbc6043ad63fa02ed35b90) Importer(815301076,1909f56bfc062723c751e8b465ee728b)  -> (artifact id: '6d6d06b6d20d7b4db41287f540304901') in 0.020058 seconds 
========================================================================
Received Import Request.
  Time since last request: 0.000024 seconds.
  path: Assets/Art/Terrain/Tiles/test_12.asset
  artifactKey: Guid(7d8da68e077ed4c468d8c8cc02898475) Importer(815301076,1909f56bfc062723c751e8b465ee728b)
Start importing Assets/Art/Terrain/Tiles/test_12.asset using Guid(7d8da68e077ed4c468d8c8cc02898475) Importer(815301076,1909f56bfc062723c751e8b465ee728b)  -> (artifact id: 'dbe283ba3227e22657cb2a7f02c03802') in 0.007714 seconds 
========================================================================
Received Import Request.
  Time since last request: 0.000026 seconds.
  path: Assets/Art/Terrain/Tiles/test_15.asset
  artifactKey: Guid(74e90ba1e35d1a644aeb76f2515b3c3e) Importer(815301076,1909f56bfc062723c751e8b465ee728b)
Start importing Assets/Art/Terrain/Tiles/test_15.asset using Guid(74e90ba1e35d1a644aeb76f2515b3c3e) Importer(815301076,1909f56bfc062723c751e8b465ee728b)  -> (artifact id: 'f20e252d1f29fbc718ea660b69e008f8') in 0.006577 seconds 
========================================================================
Received Import Request.
  Time since last request: 0.000019 seconds.
  path: Assets/Art/Terrain/Tiles/test_10.asset
  artifactKey: Guid(193aedfee99e1b14cb1b6e50de9c2700) Importer(815301076,1909f56bfc062723c751e8b465ee728b)
Start importing Assets/Art/Terrain/Tiles/test_10.asset using Guid(193aedfee99e1b14cb1b6e50de9c2700) Importer(815301076,1909f56bfc062723c751e8b465ee728b)  -> (artifact id: '645aadc37e7ce2a98955a88981ec3733') in 0.006688 seconds 
========================================================================
Received Import Request.
  Time since last request: 0.000020 seconds.
  path: Assets/Art/Terrain/Tiles/test_3.asset
  artifactKey: Guid(6b0a6b714190a6949871a2a1274af9d3) Importer(815301076,1909f56bfc062723c751e8b465ee728b)
Start importing Assets/Art/Terrain/Tiles/test_3.asset using Guid(6b0a6b714190a6949871a2a1274af9d3) Importer(815301076,1909f56bfc062723c751e8b465ee728b)  -> (artifact id: 'aa1663500f326917adf6b298be812024') in 0.007317 seconds 
========================================================================
Received Import Request.
  Time since last request: 0.000023 seconds.
  path: Assets/Art/Terrain/Tiles/test_16.asset
  artifactKey: Guid(f56626c9459aa134394c7ed18787b1c2) Importer(815301076,1909f56bfc062723c751e8b465ee728b)
Start importing Assets/Art/Terrain/Tiles/test_16.asset using Guid(f56626c9459aa134394c7ed18787b1c2) Importer(815301076,1909f56bfc062723c751e8b465ee728b)  -> (artifact id: '93160e48ac365261a9a90d84c3bf25d7') in 0.007490 seconds 
========================================================================
Received Import Request.
  Time since last request: 0.000020 seconds.
  path: Assets/Art/Terrain/Tiles/test_22.asset
  artifactKey: Guid(84de5c7e732c11f47bad8adfc1702b4c) Importer(815301076,1909f56bfc062723c751e8b465ee728b)
Start importing Assets/Art/Terrain/Tiles/test_22.asset using Guid(84de5c7e732c11f47bad8adfc1702b4c) Importer(815301076,1909f56bfc062723c751e8b465ee728b)  -> (artifact id: '179701b5b712a09cd62d8be79f698681') in 0.006245 seconds 
========================================================================
Received Import Request.
  Time since last request: 0.000018 seconds.
  path: Assets/Art/Terrain/Tiles/test_9.asset
  artifactKey: Guid(146be89496e749c4c9ea2daeb4fa9faf) Importer(815301076,1909f56bfc062723c751e8b465ee728b)
Start importing Assets/Art/Terrain/Tiles/test_9.asset using Guid(146be89496e749c4c9ea2daeb4fa9faf) Importer(815301076,1909f56bfc062723c751e8b465ee728b)  -> (artifact id: 'fdac2e19ff7c230fd66738696dc08be9') in 0.007678 seconds 
========================================================================
Received Import Request.
  Time since last request: 0.000028 seconds.
  path: Assets/Art/Terrain/Tiles/test_2.asset
  artifactKey: Guid(80e0d39debb841441b11ec9d8199e05b) Importer(815301076,1909f56bfc062723c751e8b465ee728b)
Start importing Assets/Art/Terrain/Tiles/test_2.asset using Guid(80e0d39debb841441b11ec9d8199e05b) Importer(815301076,1909f56bfc062723c751e8b465ee728b)  -> (artifact id: '7ebe121e97c3922e88419af369dea67b') in 0.007441 seconds 
========================================================================
Received Import Request.
  Time since last request: 0.000022 seconds.
  path: Assets/Art/Terrain/Tiles/test_8.asset
  artifactKey: Guid(91e026c49b8f7f7408899004a8c32495) Importer(815301076,1909f56bfc062723c751e8b465ee728b)
Start importing Assets/Art/Terrain/Tiles/test_8.asset using Guid(91e026c49b8f7f7408899004a8c32495) Importer(815301076,1909f56bfc062723c751e8b465ee728b)  -> (artifact id: '065f3e0c36b2ce836f64314aa24d20c5') in 0.007000 seconds 
========================================================================
Received Import Request.
  Time since last request: 0.000029 seconds.
  path: Assets/Art/Terrain/Tiles/test_25.asset
  artifactKey: Guid(f2d6d727021976c4f853361896fce9c2) Importer(815301076,1909f56bfc062723c751e8b465ee728b)
Start importing Assets/Art/Terrain/Tiles/test_25.asset using Guid(f2d6d727021976c4f853361896fce9c2) Importer(815301076,1909f56bfc062723c751e8b465ee728b)  -> (artifact id: 'c6ee1a4460c659e78eb080c5c621e921') in 0.006810 seconds 
========================================================================
Received Import Request.
  Time since last request: 0.000023 seconds.
  path: Assets/Art/Terrain/Tiles/test_23.asset
  artifactKey: Guid(a8f4d26e094f66e44883c4b8d5e3ddc1) Importer(815301076,1909f56bfc062723c751e8b465ee728b)
Start importing Assets/Art/Terrain/Tiles/test_23.asset using Guid(a8f4d26e094f66e44883c4b8d5e3ddc1) Importer(815301076,1909f56bfc062723c751e8b465ee728b)  -> (artifact id: 'ad03ce12ac3dee1b769a0895f391df05') in 0.018315 seconds 
========================================================================
Received Import Request.
  Time since last request: 0.000019 seconds.
  path: Assets/Art/Terrain/Tiles/test_21.asset
  artifactKey: Guid(670c6483890bfc6439e71897b6dfbfb6) Importer(815301076,1909f56bfc062723c751e8b465ee728b)
Start importing Assets/Art/Terrain/Tiles/test_21.asset using Guid(670c6483890bfc6439e71897b6dfbfb6) Importer(815301076,1909f56bfc062723c751e8b465ee728b)  -> (artifact id: '1e0e651aac8b0804c51e2341e4ea9246') in 0.007706 seconds 
========================================================================
Received Import Request.
  Time since last request: 0.000018 seconds.
  path: Assets/Art/Terrain/Tiles/test_7.asset
  artifactKey: Guid(851365bb036242141b5b711869fba06f) Importer(815301076,1909f56bfc062723c751e8b465ee728b)
Start importing Assets/Art/Terrain/Tiles/test_7.asset using Guid(851365bb036242141b5b711869fba06f) Importer(815301076,1909f56bfc062723c751e8b465ee728b)  -> (artifact id: '6ed96586e8797ddccb504ef1096bf2e3') in 0.008535 seconds 
========================================================================
Received Prepare
Registering precompiled user dll's ...
Registered in 0.006515 seconds.
Begin MonoManager ReloadAssembly
Symbol file LoadedFromMemory doesn't match image D:\games i made\PIXILART-PLATFORMER\PLATFORMER1\Library\PackageCache\com.unity.visualscripting@1.8.0\Editor\VisualScripting.Core\Dependencies\YamlDotNet\Unity.VisualScripting.YamlDotNet.dll
Symbol file LoadedFromMemory doesn't match image D:\games i made\PIXILART-PLATFORMER\PLATFORMER1\Library\PackageCache\com.unity.visualscripting@1.8.0\Editor\VisualScripting.Core\Dependencies\DotNetZip\Unity.VisualScripting.IonicZip.dll
Native extension for WindowsStandalone target not found
Native extension for WebGL target not found
Refreshing native plugins compatible for Editor in 1.70 ms, found 4 plugins.
Preloading 0 native plugins for Editor in 0.00 ms.
Mono: successfully reloaded assembly
- Completed reload, in  1.355 seconds
Domain Reload Profiling:
	ReloadAssembly (1356ms)
		BeginReloadAssembly (146ms)
			ExecutionOrderSort (0ms)
			DisableScriptedObjects (8ms)
			BackupInstance (0ms)
			ReleaseScriptingObjects (0ms)
			CreateAndSetChildDomain (39ms)
		EndReloadAssembly (1083ms)
			LoadAssemblies (112ms)
			RebuildTransferFunctionScriptingTraits (0ms)
			SetupTypeCache (328ms)
			ReleaseScriptCaches (3ms)
			RebuildScriptCaches (73ms)
			SetupLoadedEditorAssemblies (509ms)
				LogAssemblyErrors (0ms)
				InitializePlatformSupportModulesInManaged (20ms)
				SetLoadedEditorAssemblies (1ms)
				RefreshPlugins (2ms)
				BeforeProcessingInitializeOnLoad (98ms)
				ProcessInitializeOnLoadAttributes (274ms)
				ProcessInitializeOnLoadMethodAttributes (100ms)
				AfterProcessingInitializeOnLoad (13ms)
				EditorAssembliesLoaded (0ms)
			ExecutionOrderSort2 (0ms)
			AwakeInstancesAfterBackupRestoration (11ms)
Platform modules already initialized, skipping
Refreshing native plugins compatible for Editor in 2.87 ms, found 4 plugins.
Preloading 0 native plugins for Editor in 0.00 ms.
Unloading 5273 Unused Serialized files (Serialized files now loaded: 0)
Unloading 34 unused Assets / (0.9 MB). Loaded Objects now: 5877.
Memory consumption went from 210.2 MB to 209.3 MB.
Total: 4.036700 ms (FindLiveObjects: 0.454100 ms CreateObjectMapping: 0.148700 ms MarkObjects: 3.002200 ms  DeleteObjects: 0.430500 ms)

AssetImportParameters requested are different than current active one (requested -> active):
  custom:video-decoder-ogg-theora: a1e56fd34408186e4bbccfd4996cb3dc -> 
  custom:container-muxer-webm: aa71ff27fc2769a1b78a27578f13a17b -> 
  custom:container-demuxer-webm: 4f35f7cbe854078d1ac9338744f61a02 -> 
  custom:video-encoder-webm-vp8: eb34c28f22e8b96e1ab97ce403110664 -> 
  custom:audio-encoder-webm-vorbis: bf7c407c2cedff20999df2af8eb42d56 -> 
  custom:framework-win-MediaFoundation: 216162199b28c13a410421893ffa2e32 -> 
  custom:container-demuxer-ogg: 62fdf1f143b41e24485cea50d1cbac27 -> 
  custom:video-decoder-webm-vp8: 9c59270c3fd7afecdb556c50c9e8de78 -> 
  custom:audio-decoder-ogg-vorbis: bf7c407c2cedff20999df2af8eb42d56 -> 
